<?xml version="1.0" encoding="UTF-8"?>
<!-- Generated by org.testng.reporters.JUnitXMLReporter -->
<testsuite hostname="BMSS-AP-PC" ignored="8" name="Default test" tests="1" failures="0" timestamp="14 Sep 2018 01:02:00 GMT" time="22.127" errors="0">
  <testcase name="getTableData" time="1.568" classname="com.mycompany.tests.HomePageMenusTest"/>
  <testcase name="validateMwaiting" time="0.0" classname="com.mycompany.tests.HomePageMenusTest">
    <ignored/>
  </testcase> <!-- validateMwaiting -->
  <testcase name="validateAbout" time="0.0" classname="com.mycompany.tests.HomePageMenusTest">
    <ignored/>
  </testcase> <!-- validateAbout -->
  <testcase name="validateCheckout" time="0.0" classname="com.mycompany.tests.HomePageMenusTest">
    <ignored/>
  </testcase> <!-- validateCheckout -->
  <testcase name="validateMwebtable" time="0.0" classname="com.mycompany.tests.HomePageMenusTest">
    <ignored/>
  </testcase> <!-- validateMwebtable -->
  <testcase name="validateScart" time="0.0" classname="com.mycompany.tests.HomePageMenusTest">
    <ignored/>
  </testcase> <!-- validateScart -->
  <testcase name="validateMyAcount" time="0.0" classname="com.mycompany.tests.HomePageMenusTest">
    <ignored/>
  </testcase> <!-- validateMyAcount -->
  <testcase name="validateMmainsite" time="0.0" classname="com.mycompany.tests.HomePageMenusTest">
    <ignored/>
  </testcase> <!-- validateMmainsite -->
  <testcase name="validateMshop" time="0.0" classname="com.mycompany.tests.HomePageMenusTest">
    <ignored/>
  </testcase> <!-- validateMshop -->
</testsuite> <!-- Default test -->
