<?xml version="1.0" encoding="UTF-8"?>
<testng-results skipped="0" failed="0" ignored="8" total="9" passed="1">
  <reporter-output>
  </reporter-output>
  <suite name="Default suite" duration-ms="22127" started-at="2018-09-14T01:01:38Z" finished-at="2018-09-14T01:02:00Z">
    <groups>
    </groups>
    <test name="Default test" duration-ms="22127" started-at="2018-09-14T01:01:38Z" finished-at="2018-09-14T01:02:00Z">
      <class name="com.mycompany.tests.HomePageMenusTest">
        <test-method status="PASS" signature="beforeSuit()[pri:0, instance:com.mycompany.tests.HomePageMenusTest@74ad1f1f]" name="beforeSuit" is-config="true" duration-ms="23" started-at="2018-09-14T01:01:38Z" finished-at="2018-09-14T01:01:38Z">
          <reporter-output>
          </reporter-output>
        </test-method> <!-- beforeSuit -->
        <test-method status="PASS" signature="beforeMethod()[pri:0, instance:com.mycompany.tests.HomePageMenusTest@74ad1f1f]" name="beforeMethod" is-config="true" duration-ms="13702" started-at="2018-09-14T01:01:38Z" finished-at="2018-09-14T01:01:52Z">
          <reporter-output>
          </reporter-output>
        </test-method> <!-- beforeMethod -->
        <test-method status="PASS" signature="getTableData()[pri:9, instance:com.mycompany.tests.HomePageMenusTest@74ad1f1f]" name="getTableData" duration-ms="1568" started-at="2018-09-14T01:01:52Z" finished-at="2018-09-14T01:01:53Z">
          <reporter-output>
          </reporter-output>
        </test-method> <!-- getTableData -->
        <test-method status="PASS" signature="afterMethod()[pri:0, instance:com.mycompany.tests.HomePageMenusTest@74ad1f1f]" name="afterMethod" is-config="true" duration-ms="6828" started-at="2018-09-14T01:01:53Z" finished-at="2018-09-14T01:02:00Z">
          <reporter-output>
          </reporter-output>
        </test-method> <!-- afterMethod -->
      </class> <!-- com.mycompany.tests.HomePageMenusTest -->
    </test> <!-- Default test -->
  </suite> <!-- Default suite -->
</testng-results>
